# JRE version: Java(TM) SE Runtime Environment (17.0.10+11) (build 17.0.10+11-LTS-240)
# Java VM: Java HotSpot(TM) 64-Bit Server VM (17.0.10+11-LTS-240, mixed mode, sharing, tiered, compressed oops, compressed class ptrs, g1 gc, windows-amd64)
GC Precious Log:
 CPUs: 12 total, 12 available
 Memory: 16251M
 Large Page Support: Disabled
 NUMA Support: Disabled
 Compressed Oops: Enabled (Zero based)
 Heap Region Size: 2M
 Heap Min Capacity: 8M
 Heap Initial Capacity: 254M
 Heap Max Capacity: 4064M
 Pre-touch: Disabled
 Parallel Workers: 10
 Concurrent Workers: 3
 Concurrent Refinement Workers: 10
 Periodic GC: Disabled
Heap:
 garbage-first heap   total 495616K, used 319281K [0x0000000702000000, 0x0000000800000000)
  region size 2048K, 19 young (38912K), 6 survivors (12288K)
 Metaspace       used 20779K, committed 21056K, reserved 1114112K
  class space    used 2850K, committed 3008K, reserved 1048576K
GC Heap History (18 events):
Event: 1.493 GC heap before
{Heap before GC invocations=0 (full 0):
 garbage-first heap   total 260096K, used 20480K [0x0000000702000000, 0x0000000800000000)
  region size 2048K, 11 young (22528K), 0 survivors (0K)
 Metaspace       used 4952K, committed 5184K, reserved 1114112K
  class space    used 537K, committed 640K, reserved 1048576K
}
Event: 1.496 GC heap after
{Heap after GC invocations=1 (full 0):
 garbage-first heap   total 260096K, used 3940K [0x0000000702000000, 0x0000000800000000)
  region size 2048K, 2 young (4096K), 2 survivors (4096K)
 Metaspace       used 4952K, committed 5184K, reserved 1114112K
  class space    used 537K, committed 640K, reserved 1048576K
}
Event: 1.853 GC heap before
{Heap before GC invocations=1 (full 0):
 garbage-first heap   total 260096K, used 36708K [0x0000000702000000, 0x0000000800000000)
  region size 2048K, 18 young (36864K), 2 survivors (4096K)
 Metaspace       used 13885K, committed 14144K, reserved 1114112K
  class space    used 2049K, committed 2176K, reserved 1048576K
}
Event: 1.857 GC heap after
{Heap after GC invocations=2 (full 0):
 garbage-first heap   total 260096K, used 7498K [0x0000000702000000, 0x0000000800000000)
  region size 2048K, 2 young (4096K), 2 survivors (4096K)
 Metaspace       used 13885K, committed 14144K, reserved 1114112K
  class space    used 2049K, committed 2176K, reserved 1048576K
}
Event: 11.636 GC heap before
{Heap before GC invocations=2 (full 0):
 garbage-first heap   total 260096K, used 116042K [0x0000000702000000, 0x0000000800000000)
  region size 2048K, 11 young (22528K), 2 survivors (4096K)
 Metaspace       used 17758K, committed 17984K, reserved 1114112K
  class space    used 2463K, committed 2560K, reserved 1048576K
}
Event: 11.640 GC heap after
{Heap after GC invocations=3 (full 0):
 garbage-first heap   total 260096K, used 101755K [0x0000000702000000, 0x0000000800000000)
  region size 2048K, 3 young (6144K), 3 survivors (6144K)
 Metaspace       used 17758K, committed 17984K, reserved 1114112K
  class space    used 2463K, committed 2560K, reserved 1048576K
}
Event: 11.751 GC heap before
{Heap before GC invocations=3 (full 0):
 garbage-first heap   total 260096K, used 138619K [0x0000000702000000, 0x0000000800000000)
  region size 2048K, 4 young (8192K), 3 survivors (6144K)
 Metaspace       used 17764K, committed 17984K, reserved 1114112K
  class space    used 2463K, committed 2560K, reserved 1048576K
}
Event: 11.755 GC heap after
{Heap after GC invocations=4 (full 0):
 garbage-first heap   total 260096K, used 138782K [0x0000000702000000, 0x0000000800000000)
  region size 2048K, 3 young (6144K), 3 survivors (6144K)
 Metaspace       used 17764K, committed 17984K, reserved 1114112K
  class space    used 2463K, committed 2560K, reserved 1048576K
}
Event: 11.874 GC heap before
{Heap before GC invocations=5 (full 0):
 garbage-first heap   total 296960K, used 175646K [0x0000000702000000, 0x0000000800000000)
  region size 2048K, 4 young (8192K), 3 survivors (6144K)
 Metaspace       used 17764K, committed 17984K, reserved 1114112K
  class space    used 2463K, committed 2560K, reserved 1048576K
}
Event: 11.877 GC heap after
{Heap after GC invocations=6 (full 0):
 garbage-first heap   total 296960K, used 175763K [0x0000000702000000, 0x0000000800000000)
  region size 2048K, 3 young (6144K), 3 survivors (6144K)
 Metaspace       used 17764K, committed 17984K, reserved 1114112K
  class space    used 2463K, committed 2560K, reserved 1048576K
}
Event: 11.892 GC heap before
{Heap before GC invocations=7 (full 0):
 garbage-first heap   total 305152K, used 179859K [0x0000000702000000, 0x0000000800000000)
  region size 2048K, 4 young (8192K), 3 survivors (6144K)
 Metaspace       used 17764K, committed 17984K, reserved 1114112K
  class space    used 2463K, committed 2560K, reserved 1048576K
}
Event: 11.895 GC heap after
{Heap after GC invocations=8 (full 0):
 garbage-first heap   total 305152K, used 179797K [0x0000000702000000, 0x0000000800000000)
  region size 2048K, 3 young (6144K), 3 survivors (6144K)
 Metaspace       used 17764K, committed 17984K, reserved 1114112K
  class space    used 2463K, committed 2560K, reserved 1048576K
}
Event: 12.016 GC heap before
{Heap before GC invocations=9 (full 0):
 garbage-first heap   total 366592K, used 216661K [0x0000000702000000, 0x0000000800000000)
  region size 2048K, 4 young (8192K), 3 survivors (6144K)
 Metaspace       used 17764K, committed 17984K, reserved 1114112K
  class space    used 2463K, committed 2560K, reserved 1048576K
}
Event: 12.019 GC heap after
{Heap after GC invocations=10 (full 0):
 garbage-first heap   total 366592K, used 216856K [0x0000000702000000, 0x0000000800000000)
  region size 2048K, 3 young (6144K), 3 survivors (6144K)
 Metaspace       used 17764K, committed 17984K, reserved 1114112K
  class space    used 2463K, committed 2560K, reserved 1048576K
}
Event: 12.174 GC heap before
{Heap before GC invocations=11 (full 0):
 garbage-first heap   total 428032K, used 257816K [0x0000000702000000, 0x0000000800000000)
  region size 2048K, 6 young (12288K), 3 survivors (6144K)
 Metaspace       used 18101K, committed 18304K, reserved 1114112K
  class space    used 2541K, committed 2624K, reserved 1048576K
}
Event: 12.177 GC heap after
{Heap after GC invocations=12 (full 0):
 garbage-first heap   total 428032K, used 253846K [0x0000000702000000, 0x0000000800000000)
  region size 2048K, 4 young (8192K), 4 survivors (8192K)
 Metaspace       used 18101K, committed 18304K, reserved 1114112K
  class space    used 2541K, committed 2624K, reserved 1048576K
}
Event: 13.373 GC heap before
{Heap before GC invocations=13 (full 0):
 garbage-first heap   total 495616K, used 409494K [0x0000000702000000, 0x0000000800000000)
  region size 2048K, 62 young (126976K), 4 survivors (8192K)
 Metaspace       used 20093K, committed 20288K, reserved 1114112K
  class space    used 2802K, committed 2880K, reserved 1048576K
}
Event: 13.379 GC heap after
{Heap after GC invocations=14 (full 0):
 garbage-first heap   total 495616K, used 294705K [0x0000000702000000, 0x0000000800000000)
  region size 2048K, 6 young (12288K), 6 survivors (12288K)
 Metaspace       used 20093K, committed 20288K, reserved 1114112K
  class space    used 2802K, committed 2880K, reserved 1048576K
}

